[    0.000000] Initializing cgroup subsys cpuset
[    0.000000] Initializing cgroup subsys cpu
[    0.000000] Initializing cgroup subsys cpuacct
[    0.000000] Linux version 4.4.0-174-generic (buildd@lcy01-amd64-027) (gcc version 5.4.0 20160609 (Ubuntu 5.4.0-6ubuntu1~16.04.12) ) #204-Ubuntu SMP Wed Jan 29 06:41:01 UTC 2020 (Ubuntu 4.4.0-174.204-generic 4.4.211)
[    0.000000] Command line: BOOT_IMAGE=/boot/vmlinuz-4.4.0-174-generic root=LABEL=cloudimg-rootfs ro console=tty1 console=ttyS0
[    0.000000] KERNEL supported cpus:
[    0.000000]   Intel GenuineIntel
[    0.000000]   AMD AuthenticAMD
[    0.000000]   Centaur CentaurHauls
[    0.000000] x86/fpu: Legacy x87 FPU detected.
[    0.000000] e820: BIOS-provided physical RAM map:
[    0.000000] BIOS-e820: [mem 0x0000000000000000-0x000000000009fbff] usable
[    0.000000] BIOS-e820: [mem 0x000000000009fc00-0x000000000009ffff] reserved
[    0.000000] BIOS-e820: [mem 0x00000000000f0000-0x00000000000fffff] reserved
[    0.000000] BIOS-e820: [mem 0x0000000000100000-0x00000000181effff] usable
[    0.000000] BIOS-e820: [mem 0x00000000181f0000-0x00000000181fffff] ACPI data
[    0.000000] BIOS-e820: [mem 0x00000000fec00000-0x00000000fec00fff] reserved
[    0.000000] BIOS-e820: [mem 0x00000000fee00000-0x00000000fee00fff] reserved
[    0.000000] BIOS-e820: [mem 0x00000000fffc0000-0x00000000ffffffff] reserved
[    0.000000] NX (Execute Disable) protection: active
[    0.000000] SMBIOS 2.5 present.
[    0.000000] Hypervisor detected: KVM
[    0.000000] e820: last_pfn = 0x181f0 max_arch_pfn = 0x400000000
[    0.000000] MTRR: Disabled
[    0.000000] x86/PAT: MTRRs disabled, skipping PAT initialization too.
[    0.000000] CPU MTRRs all blank - virtualized system.
[    0.000000] x86/PAT: Configuration [0-7]: WB  WT  UC- UC  WB  WT  UC- UC  
[    0.000000] found SMP MP-table at [mem 0x0009fff0-0x0009ffff] mapped at [ffff88000009fff0]
[    0.000000] Scanning 1 areas for low memory corruption
[    0.000000] RAMDISK: [mem 0x16b5f000-0x179e5fff]
[    0.000000] ACPI: Early table checksum verification disabled
[    0.000000] ACPI: RSDP 0x00000000000E0000 000024 (v02 VBOX  )
[    0.000000] ACPI: XSDT 0x00000000181F0030 00003C (v01 VBOX   VBOXXSDT 00000001 ASL  00000061)
[    0.000000] ACPI: FACP 0x00000000181F00F0 0000F4 (v04 VBOX   VBOXFACP 00000001 ASL  00000061)
[    0.000000] ACPI: DSDT 0x00000000181F0470 0021FF (v02 VBOX   VBOXBIOS 00000002 INTL 20180105)
[    0.000000] ACPI: FACS 0x00000000181F0200 000040
[    0.000000] ACPI: FACS 0x00000000181F0200 000040
[    0.000000] ACPI: APIC 0x00000000181F0240 000054 (v02 VBOX   VBOXAPIC 00000001 ASL  00000061)
[    0.000000] ACPI: SSDT 0x00000000181F02A0 0001CC (v01 VBOX   VBOXCPUT 00000002 INTL 20180105)
[    0.000000] No NUMA configuration found
[    0.000000] Faking a node at [mem 0x0000000000000000-0x00000000181effff]
[    0.000000] NODE_DATA(0) allocated [mem 0x181eb000-0x181effff]
[    0.000000] kvm-clock: Using msrs 4b564d01 and 4b564d00
[    0.000000] kvm-clock: cpu 0, msr 0:181e3001, primary cpu clock
[    0.000000] kvm-clock: using sched offset of 7252666287 cycles
[    0.000000] clocksource: kvm-clock: mask: 0xffffffffffffffff max_cycles: 0x1cd42e4dffb, max_idle_ns: 881590591483 ns
[    0.000000] Section 2 and 3 (node 0) have a circular dependency on usemap and pgdat allocations
[    0.000000] Zone ranges:
[    0.000000]   DMA      [mem 0x0000000000001000-0x0000000000ffffff]
[    0.000000]   DMA32    [mem 0x0000000001000000-0x00000000181effff]
[    0.000000]   Normal   empty
[    0.000000]   Device   empty
[    0.000000] Movable zone start for each node
[    0.000000] Early memory node ranges
[    0.000000]   node   0: [mem 0x0000000000001000-0x000000000009efff]
[    0.000000]   node   0: [mem 0x0000000000100000-0x00000000181effff]
[    0.000000] Initmem setup node 0 [mem 0x0000000000001000-0x00000000181effff]
[    0.000000] ACPI: PM-Timer IO Port: 0x4008
[    0.000000] IOAPIC[0]: apic_id 1, version 32, address 0xfec00000, GSI 0-23
[    0.000000] ACPI: INT_SRC_OVR (bus 0 bus_irq 0 global_irq 2 dfl dfl)
[    0.000000] ACPI: INT_SRC_OVR (bus 0 bus_irq 9 global_irq 9 low level)
[    0.000000] Using ACPI (MADT) for SMP configuration information
[    0.000000] smpboot: Allowing 1 CPUs, 0 hotplug CPUs
[    0.000000] PM: Registered nosave memory: [mem 0x00000000-0x00000fff]
[    0.000000] PM: Registered nosave memory: [mem 0x0009f000-0x0009ffff]
[    0.000000] PM: Registered nosave memory: [mem 0x000a0000-0x000effff]
[    0.000000] PM: Registered nosave memory: [mem 0x000f0000-0x000fffff]
[    0.000000] e820: [mem 0x18200000-0xfebfffff] available for PCI devices
[    0.000000] Booting paravirtualized kernel on KVM
[    0.000000] clocksource: refined-jiffies: mask: 0xffffffff max_cycles: 0xffffffff, max_idle_ns: 7645519600211568 ns
[    0.000000] setup_percpu: NR_CPUS:512 nr_cpumask_bits:512 nr_cpu_ids:1 nr_node_ids:1
[    0.000000] PERCPU: Embedded 33 pages/cpu @ffff880017e00000 s95448 r8192 d31528 u2097152
[    0.000000] Built 1 zonelists in Node order, mobility grouping on.  Total pages: 97136
[    0.000000] Policy zone: DMA32
[    0.000000] Kernel command line: BOOT_IMAGE=/boot/vmlinuz-4.4.0-174-generic root=LABEL=cloudimg-rootfs ro console=tty1 console=ttyS0
[    0.000000] PID hash table entries: 2048 (order: 2, 16384 bytes)
[    0.000000] Memory: 352704K/394808K available (8626K kernel code, 1336K rwdata, 4032K rodata, 1488K init, 1292K bss, 42104K reserved, 0K cma-reserved)
[    0.000000] SLUB: HWalign=64, Order=0-3, MinObjects=0, CPUs=1, Nodes=1
[    0.000000] Kernel/User page tables isolation: enabled
[    0.000000] Hierarchical RCU implementation.
[    0.000000] 	Build-time adjustment of leaf fanout to 64.
[    0.000000] 	RCU restricting CPUs from NR_CPUS=512 to nr_cuu_ids=1.
[    0.000000] RCU: Adjusting geometry for rcu_fanout_leaf=64, nr_cpu_ids=1
[    0.000000] NR_IRQS:33024 nr_irqs:256 16
[    0.000000] Console: colour VGA+ 80x25
[    0.000000] console [tty1] enabled
[    0.000000] console [ttyS0] enabled
[    0.000000] tsc: Detected 2992.498 MHz processor
[    1.029248] Calibrating delay loop (skipped) preset value.. 5984.99 BogoMIPS (lpj=11969992)
[    1.032263] pid_max: default: 32768 minimum: 301
[    1.033818] ACPI: Core revision 20150930
[    1.052690] ACPI: 2 ACPI AML tables successfully acquired and loaded
[    1.054917] Security Framework initialized
[    1.056376] Yama: becoming mindful.
[    1.057780] AppArmor: AppArmor initialized
[    1.059377] Dentry cache hash table entries: 65536 (order: 7, 524288 bytes)
[    1.131919] Inode-cache hash table entries: 32768 (order: 6, 262144 bytes)
[    1.134227] Mount-cache hash table entries: 1024 (order: 1, 8192 bytes)
[    1.136306] Mountpoint-cache hash table entries: 1024 (order: 1, 8192 bytes)
[    1.139292] Initializing cgroup subsys io
[    1.140727] Initializing cgroup subsys memory
[    1.142237] Initializing cgroup subsys devices
[    1.143816] Initializing cgroup subsys freezer
[    1.145345] Initializing cgroup subsys net_cls
[    1.146910] Initializing cgroup subsys perf_event
[    1.148488] Initializing cgroup subsys net_prio
[    1.150065] Initializing cgroup subsys hugetlb
[    1.151580] Initializing cgroup subsys pids
[    1.171215] mce: CPU supports 0 MCE banks
[    1.172698] process: using mwait in idle threads
[    1.174311] Last level iTLB entries: 4KB 128, 2MB 4, 4MB 4
[    1.176063] Last level dTLB entries: 4KB 256, 2MB 0, 4MB 32, 1GB 0
[    1.232651] Spectre V1 : Mitigation: usercopy/swapgs barriers and __user pointer sanitization
[    1.242063] Spectre V2 : Mitigation: Full generic retpoline
[    1.243882] Spectre V2 : Spectre v2 / SpectreRSB mitigation: Filling RSB on context switch
[    1.246690] Speculative Store Bypass: Vulnerable
[    1.249059] MDS: Vulnerable: Clear CPU buffers attempted, no microcode
[    1.881065] Freeing SMP alternatives memory: 36K
[    1.893439] ftrace: allocating 32305 entries in 127 pages
[    2.003232] smpboot: APIC(0) Converting physical 0 to logical package 0
[    2.067806] smpboot: Max logical packages: 1
[    2.069910] x2apic enabled
[    2.081450] Switched APIC routing to physical x2apic.
[    2.085467] ..TIMER: vector=0x30 apic1=0 pin1=2 apic2=-1 pin2=-1
[    2.195433] APIC calibration not consistent with PM-Timer: 260ms instead of 100ms
[    2.198096] APIC delta adjusted to PM-Timer: 6249996 (16250926)
[    2.200025] smpboot: CPU0: Intel(R) Core(TM)2 Duo CPU     E8400  @ 3.00GHz (family: 0x6, model: 0x17, stepping: 0xa)
[    2.203699] Performance Events: unsupported p6 CPU model 23 no PMU driver, software events only.
[    2.401627] KVM setup paravirtual spinlock
[    2.404563] x86: Booted up 1 node, 1 CPUs
[    2.406010] smpboot: Total of 1 processors activated (5984.99 BogoMIPS)
[    2.408509] devtmpfs: initialized
[    2.412142] evm: security.selinux
[    2.413430] evm: security.SMACK64
[    2.414696] evm: security.SMACK64EXEC
[    2.416054] evm: security.SMACK64TRANSMUTE
[    2.417506] evm: security.SMACK64MMAP
[    2.418855] evm: security.ima
[    2.420046] evm: security.capability
[    2.421524] clocksource: jiffies: mask: 0xffffffff max_cycles: 0xffffffff, max_idle_ns: 7645041785100000 ns
[    2.424763] futex hash table entries: 256 (order: 2, 16384 bytes)
[    2.426781] pinctrl core: initialized pinctrl subsystem
[    2.428653] RTC time: 15:45:58, date: 02/27/20
[    2.430472] NET: Registered protocol family 16
[    2.483022] cpuidle: using governor ladder
[    2.500982] cpuidle: using governor menu
[    2.502400] PCCT header not found.
[    2.503738] ACPI: bus type PCI registered
[    2.505182] acpiphp: ACPI Hot Plug PCI Controller Driver version: 0.5
[    2.507275] PCI: Using configuration type 1 for base access
[    2.511289] ACPI: Added _OSI(Module Device)
[    2.512763] ACPI: Added _OSI(Processor Device)
[    2.514293] ACPI: Added _OSI(3.0 _SCP Extensions)
[    2.515881] ACPI: Added _OSI(Processor Aggregator Device)
[    2.518361] ACPI: Executed 1 blocks of module-level executable AML code
[    2.522890] ACPI: Interpreter enabled
[    2.524250] ACPI: (supports S0 S5)
[    2.525557] ACPI: Using IOAPIC for interrupt routing
[    2.527384] PCI: Using host bridge windows from ACPI; if necessary, use "pci=nocrs" and report a bug
[    2.590774] ACPI: PCI Root Bridge [PCI0] (domain 0000 [bus 00-ff])
[    2.611807] acpi PNP0A03:00: _OSC: OS supports [ASPM ClockPM Segments MSI]
[    2.613916] acpi PNP0A03:00: _OSC: not requesting OS control; OS requires [ExtendedConfig ASPM ClockPM MSI]
[    2.617110] acpi PNP0A03:00: fail to add MMCONFIG information, can't access extended PCI configuration space under this bridge.
[    2.621077] PCI host bridge to bus 0000:00
[    2.622526] pci_bus 0000:00: root bus resource [io  0x0000-0x0cf7 window]
[    2.691820] pci_bus 0000:00: root bus resource [io  0x0d00-0xffff window]
[    2.693880] pci_bus 0000:00: root bus resource [mem 0x000a0000-0x000bffff window]
[    2.696539] pci_bus 0000:00: root bus resource [mem 0x18200000-0xfdffffff window]
[    2.699191] pci_bus 0000:00: root bus resource [bus 00-ff]
[    2.713335] pci 0000:00:01.1: legacy IDE quirk: reg 0x10: [io  0x01f0-0x01f7]
[    2.721968] pci 0000:00:01.1: legacy IDE quirk: reg 0x14: [io  0x03f6]
[    2.723973] pci 0000:00:01.1: legacy IDE quirk: reg 0x18: [io  0x0170-0x0177]
[    2.726121] pci 0000:00:01.1: legacy IDE quirk: reg 0x1c: [io  0x0376]
[    2.802204] pci 0000:00:07.0: quirk: [io  0x4000-0x403f] claimed by PIIX4 ACPI
[    2.826266] pci 0000:00:07.0: quirk: [io  0x4100-0x410f] claimed by PIIX4 SMB
[    2.839106] ACPI: PCI Interrupt Link [LNKA] (IRQs 5 9 10 *11)
[    2.841902] ACPI: PCI Interrupt Link [LNKB] (IRQs 5 9 *10 11)
[    2.844420] ACPI: PCI Interrupt Link [LNKC] (IRQs 5 *9 10 11)
[    2.897646] ACPI: PCI Interrupt Link [LNKD] (IRQs 5 9 10 *11)
[    2.900275] ACPI: Enabled 2 GPEs in block 00 to 07
[    2.902930] vgaarb: setting as boot device: PCI:0000:00:02.0
[    2.949217] vgaarb: device added: PCI:0000:00:02.0,decodes=io+mem,owns=io+mem,locks=none
[    3.002879] vgaarb: loaded
[    3.004017] vgaarb: bridge control possible 0000:00:02.0
[    3.006520] SCSI subsystem initialized
[    3.008351] ACPI: bus type USB registered
[    3.009865] usbcore: registered new interface driver usbfs
[    3.011633] usbcore: registered new interface driver hub
[    3.013415] usbcore: registered new device driver usb
[    3.031987] PCI: Using ACPI for IRQ routing
[    3.034226] NetLabel: Initializing
[    3.035546] NetLabel:  domain hash size = 128
[    3.037050] NetLabel:  protocols = UNLABELED CIPSOv4
[    3.038761] NetLabel:  unlabeled traffic allowed by default
[    3.040889] amd_nb: Cannot enumerate AMD northbridges
[    3.042659] clocksource: Switched to clocksource kvm-clock
[    3.107272] AppArmor: AppArmor Filesystem Enabled
[    3.131747] pnp: PnP ACPI init
[    3.134994] pnp: PnP ACPI: found 3 devices
[    3.144000] clocksource: acpi_pm: mask: 0xffffff max_cycles: 0xffffff, max_idle_ns: 2085701024 ns
[    3.208702] NET: Registered protocol family 2
[    3.210822] TCP established hash table entries: 4096 (order: 3, 32768 bytes)
[    3.213111] TCP bind hash table entries: 4096 (order: 4, 65536 bytes)
[    3.231705] TCP: Hash tables configured (established 4096 bind 4096)
[    3.233861] UDP hash table entries: 256 (order: 1, 8192 bytes)
[    3.235834] UDP-Lite hash table entries: 256 (order: 1, 8192 bytes)
[    3.237974] NET: Registered protocol family 1
[    3.239595] pci 0000:00:00.0: Limiting direct PCI/PCI transfers
[    3.241554] pci 0000:00:01.0: Activating ISA DMA hang workarounds
[    3.243845] Unpacking initramfs...
[    3.755288] Freeing initrd memory: 14876K
[    3.771720] clocksource: tsc: mask: 0xffffffffffffffff max_cycles: 0x2b2296bc2b9, max_idle_ns: 440795321505 ns
[    3.833720] platform rtc_cmos: registered platform RTC device (no PNP device found)
[    3.836534] Scanning for low memory corruption every 60 seconds
[    3.838800] audit: initializing netlink subsys (disabled)
[    3.840636] audit: type=2000 audit(1582818366.327:1): initialized
[    3.842942] Initialise system trusted keyring
[    3.844685] HugeTLB registered 2 MB page size, pre-allocated 0 pages
[    3.848276] zbud: loaded
[    3.849726] VFS: Disk quotas dquot_6.6.0
[    3.861253] VFS: Dquot-cache hash table entries: 512 (order 0, 4096 bytes)
[    3.863679] squashfs: version 4.0 (2009/01/31) Phillip Lougher
[    3.865854] fuse init (API version 7.23)
[    3.867487] Key type big_key registered
[    3.868913] Allocating IMA MOK and blacklist keyrings.
[    3.937621] Key type asymmetric registered
[    3.961240] Asymmetric key parser 'x509' registered
[    3.962930] Block layer SCSI generic (bsg) driver version 0.4 loaded (major 249)
[    3.972205] io scheduler noop registered
[    3.973624] io scheduler deadline registered (default)
[    3.975359] io scheduler cfq registered
[    3.977001] pci_hotplug: PCI Hot Plug PCI Core version: 0.5
[    3.978805] pciehp: PCI Express Hot Plug Controller Driver version: 0.4
[    3.981054] ACPI: AC Adapter [AC] (on-line)
[    4.051273] input: Power Button as /devices/LNXSYSTM:00/LNXPWRBN:00/input/input0
[    4.053905] ACPI: Power Button [PWRF]
[    4.055382] input: Sleep Button as /devices/LNXSYSTM:00/LNXSLPBN:00/input/input1
[    4.058005] ACPI: Sleep Button [SLPF]
[    4.059572] GHES: HEST is not enabled!
[    4.081054] Serial: 8250/16550 driver, 32 ports, IRQ sharing enabled
[    4.173886] 00:02: ttyS0 at I/O 0x3f8 (irq = 4, base_baud = 115200) is a 16550A
[    4.179263] Linux agpgart interface v0.103
[    4.191408] loop: module loaded
[    4.261964] scsi host0: ata_piix
[    4.263304] scsi host1: ata_piix
[    4.264662] ata1: PATA max UDMA/33 cmd 0x1f0 ctl 0x3f6 bmdma 0xd000 irq 14
[    4.266716] ata2: PATA max UDMA/33 cmd 0x170 ctl 0x376 bmdma 0xd008 irq 15
[    4.272639] libphy: Fixed MDIO Bus: probed
[    4.274085] tun: Universal TUN/TAP device driver, 1.6
[    4.275763] tun: (C) 1999-2004 Max Krasnyansky <maxk@qualcomm.com>
[    4.277736] PPP generic driver version 2.4.2
[    4.279294] ehci_hcd: USB 2.0 'Enhanced' Host Controller (EHCI) Driver
[    4.281338] ehci-pci: EHCI PCI platform driver
[    4.282866] ehci-platform: EHCI generic platform driver
[    4.284619] ohci_hcd: USB 1.1 'Open' Host Controller (OHCI) Driver
[    4.286537] ohci-pci: OHCI PCI platform driver
[    4.288119] ohci-platform: OHCI generic platform driver
[    4.289814] uhci_hcd: USB Universal Host Controller Interface driver
[    4.352601] i8042: PNP: PS/2 Controller [PNP0303:PS2K,PNP0f03:PS2M] at 0x60,0x64 irq 1,12
[    4.392476] serio: i8042 KBD port at 0x60,0x64 irq 1
[    4.394118] serio: i8042 AUX port at 0x60,0x64 irq 12
[    4.395939] mousedev: PS/2 mouse device common for all mice
[    4.398137] input: AT Translated Set 2 keyboard as /devices/platform/i8042/serio0/input/input2
[    4.401453] rtc_cmos rtc_cmos: rtc core: registered rtc_cmos as rtc0
[    4.462472] rtc_cmos rtc_cmos: alarms up to one day, 114 bytes nvram
[    4.466993] i2c /dev entries driver
[    4.468384] device-mapper: uevent: version 1.0.3
[    4.470026] device-mapper: ioctl: 4.34.0-ioctl (2015-10-28) initialised: dm-devel@redhat.com
[    4.492555] ledtrig-cpu: registered to indicate activity on CPUs
[    4.562040] NET: Registered protocol family 10
[    4.572128] NET: Registered protocol family 17
[    4.573676] Key type dns_resolver registered
[    4.575521] registered taskstats version 1
[    4.576994] Loading compiled-in X.509 certificates
[    4.582034] Loaded X.509 cert 'Build time autogenerated kernel key: 2501974cc66248a18f8fa54aaac948a5171f77fb'
[    4.602589] zswap: loaded using pool lzo/zbud
[    4.672689] Key type trusted registered
[    4.706735] Key type encrypted registered
[    4.711469] AppArmor: AppArmor sha1 policy hashing enabled
[    4.713273] ima: No TPM chip found, activating TPM-bypass!
[    4.791467] ima: Allocated hash algorithm: sha1
[    4.793100] evm: HMAC attrs: 0x1
[    4.811416]   Magic number: 8:830:791
[    4.812941] rtc_cmos rtc_cmos: setting system clock to 2020-02-27 15:46:01 UTC (1582818361)
[    4.878284] BIOS EDD facility v0.16 2004-Jun-25, 0 devices found
[    4.880190] EDD information not available.
[    4.886667] Freeing unused kernel memory: 1488K
[    4.898706] Write protecting the kernel read-only data: 14336k
[    4.914126] Freeing unused kernel memory: 1604K
[    4.921890] Freeing unused kernel memory: 64K
Loading, please wait...
starting version[    5.213447] random: systemd-udevd: uninitialized urandom read (16 bytes read, 3 bits of entropy available)
 229
[    5.334567] random: udevadm: uninitialized urandom read (16 bytes read, 3 bits of entropy available)
[    5.345864] random: udevadm: uninitialized urandom read (16 bytes read, 3 bits of entropy available)
[    5.499506] random: systemd-udevd: uninitialized urandom read (16 bytes read, 3 bits of entropy available)
[    5.513214] random: systemd-udevd: uninitialized urandom read (16 bytes read, 3 bits of entropy available)
[    5.542448] random: systemd-udevd: uninitialized urandom read (16 bytes read, 3 bits of entropy available)
[    5.655255] random: systemd-udevd: uninitialized urandom read (16 bytes read, 3 bits of entropy available)
[    5.723647] random: udevadm: uninitialized urandom read (16 bytes read, 3 bits of entropy available)
[    5.812706] random: systemd-udevd: uninitialized urandom read (16 bytes read, 3 bits of entropy available)
[    5.815954] random: systemd-udevd: uninitialized urandom read (16 bytes read, 3 bits of entropy available)
[    6.647242] e1000: Intel(R) PRO/1000 Network Driver - version 7.3.21-k8-NAPI
[    6.672173] e1000: Copyright (c) 1999-2006 Intel Corporation.
[    6.676477] Fusion MPT base driver 3.04.20
[    6.678230] Copyright (c) 1999-2008 LSI Corporation
[    6.755236] Fusion MPT SPI Host driver 3.04.20
[    6.773191] mptbase: ioc0: Initiating bringup
[    6.972247] input: ImExPS/2 Generic Explorer Mouse as /devices/platform/i8042/serio1/input/input4
[    7.290419] ioc0: LSI53C1030 A0: Capabilities={Initiator}
[    7.544476] scsi host2: ioc0: LSI53C1030 A0, FwRev=00000000h, Ports=1, MaxQ=256, IRQ=20
[    7.657378] scsi 2:0:0:0: Direct-Access     VBOX     HARDDISK         1.0  PQ: 0 ANSI: 5
[    7.672047] scsi target2:0:0: Beginning Domain Validation
[    7.674720] scsi target2:0:0: Domain Validation skipping write tests
[    7.676701] scsi target2:0:0: Ending Domain Validation
[    7.678427] scsi target2:0:0: asynchronous
[    7.680261] scsi 2:0:1:0: Direct-Access     VBOX     HARDDISK         1.0  PQ: 0 ANSI: 5
[    7.683038] scsi target2:0:1: Beginning Domain Validation
[    7.815929] scsi target2:0:1: Domain Validation skipping write tests
[    7.817927] scsi target2:0:1: Ending Domain Validation
[    7.824748] scsi target2:0:1: asynchronous
[    8.109718] sd 2:0:0:0: Attached scsi generic sg0 type 0
[    8.111572] sd 2:0:0:0: [sda] 20971520 512-byte logical blocks: (10.7 GB/10.0 GiB)
[    8.114907] sd 2:0:1:0: [sdb] 20480 512-byte logical blocks: (10.5 MB/10.0 MiB)
[    8.117775] sd 2:0:1:0: Attached scsi generic sg1 type 0
[    8.119783] sd 2:0:1:0: [sdb] Write Protect is off
[    8.121556] sd 2:0:0:0: [sda] Write Protect is off
[    8.145554] sd 2:0:1:0: [sdb] Incomplete mode parameter data
[    8.147460] sd 2:0:1:0: [sdb] Assuming drive cache: write through
[    8.149862] sd 2:0:0:0: [sda] Incomplete mode parameter data
[    8.207256] sd 2:0:0:0: [sda] Assuming drive cache: write through
[    8.314984] sd 2:0:1:0: [sdb] Attached SCSI disk
[    8.333512]  sda: sda1
[    8.340042] sd 2:0:0:0: [sda] Attached SCSI disk
[    8.783474] e1000 0000:00:03.0 eth0: (PCI:33MHz:32-bit) 02:28:e8:e3:81:d2
[    8.832148] e1000 0000:00:03.0 eth0: Intel(R) PRO/1000 Network Connection
[    9.561683] e1000 0000:00:08.0 eth1: (PCI:33MHz:32-bit) 08:00:27:0e:9e:70
[    9.572146] e1000 0000:00:08.0 eth1: Intel(R) PRO/1000 Network Connection
[    9.578550] e1000 0000:00:08.0 enp0s8: renamed from eth1
[    9.587915] e1000 0000:00:03.0 enp0s3: renamed from eth0
Begin: Loading essential drivers ... [   12.835469] md: linear personality registered for level -1
[   12.930810] md: multipath personality registered for level -4
[   13.004578] md: raid0 personality registered for level 0
[   13.027096] md: raid1 personality registered for level 1
[   13.200671] raid6: sse2x1   gen()  4427 MB/s
[   13.305623] raid6: sse2x1   xor()  3112 MB/s
[   13.410655] raid6: sse2x2   gen()  3752 MB/s
[   13.515625] raid6: sse2x2   xor()  4773 MB/s
[   13.620721] raid6: sse2x4   gen()  6798 MB/s
[   13.725623] raid6: sse2x4   xor()  3221 MB/s
[   13.727187] raid6: using algorithm sse2x4 gen() 6798 MB/s
[   13.728932] raid6: .... xor() 3221 MB/s, rmw enabled
[   13.730582] raid6: using ssse3x2 recovery algorithm
[   13.770740] xor: measuring software checksum speed
[   13.970022]    prefetch64-sse: 32216.000 MB/sec
[   14.074770]    generic_sse: 26533.000 MB/sec
[   14.079007] xor: using function: prefetch64-sse (32216.000 MB/sec)
[   14.099143] async_tx: api initialized (async)
[   14.257743] md: raid6 personality registered for level 6
[   14.281759] md: raid5 personality registered for level 5
[   14.283458] md: raid4 personality registered for level 4
[   14.490131] md: raid10 personality registered for level 10
done.
Begin: Running /scripts/init-premount ... done.
Begin: Mounting root file system ... Begin: Running /scripts/local-top ... done.
Begin: Running /scripts/local-premount ... [   14.890587] Btrfs loaded
Scanning for Btrfs filesystems
done.
Warning: fsck not present, so skipping root file system
[   15.345530] EXT4-fs (sda1): mounted filesystem with ordered data mode. Opts: (null)
done.
Begin: Running /scripts/local-bottom ... done.
Begin: Running /scripts/init-bottom ... done.
[   15.893584] random: nonblocking pool is initialized
[   16.320909] systemd[1]: systemd 229 running in system mode. (+PAM +AUDIT +SELINUX +IMA +APPARMOR +SMACK +SYSVINIT +UTMP +LIBCRYPTSETUP +GCRYPT +GNUTLS +ACL +XZ -LZ4 +SECCOMP +BLKID +ELFUTILS +KMOD -IDN)
[   16.345794] systemd[1]: Detected virtualization oracle.
[   16.347598] systemd[1]: Detected architecture x86-64.

Welcome to [1mUbuntu 16.04.6 LTS[0m!

[   16.365716] systemd[1]: Set hostname to <ubuntu>.
[   16.408193] systemd[1]: Initializing machine ID from random generator.
[   16.410391] systemd[1]: Installed transient /etc/machine-id file.
[   17.591968] systemd[1]: Listening on /dev/initctl Compatibility Named Pipe.
[[0;32m  OK  [0m] Listening on /dev/initctl Compatibility Named Pipe.
[   17.604992] systemd[1]: Listening on Journal Audit Socket.
[[0;32m  OK  [0m] Listening on Journal Audit Socket.
[   17.609487] systemd[1]: Set up automount Arbitrary Executable File Formats File System Automount Point.
[[0;32m  OK  [0m] Set up automount Arbitrary Executab...ats File System Automount Point.
[   17.650207] systemd[1]: Created slice System Slice.
[[0;32m  OK  [0m] Created slice System Slice.
[   17.654799] systemd[1]: Created slice system-serial\x2dgetty.slice.
[[0;32m  OK  [0m] Created slice system-serial\x2dgetty.slice.
[   17.699563] systemd[1]: Started Trigger resolvconf update for networkd DNS.
[[0;32m  OK  [0m] Started Trigger resolvconf update for networkd DNS.
[   17.713992] systemd[1]: Reached target Encrypted Volumes.
[[0;32m  OK  [0m] Reached target Encrypted Volumes.
[   17.717961] systemd[1]: Listening on udev Control Socket.
[[0;32m  OK  [0m] Listening on udev Control Socket.
[   17.721788] systemd[1]: Reached target System Time Synchronized.
[[0;32m  OK  [0m] Reached target System Time Synchronized.
[   17.725815] systemd[1]: Reached target Swap.
[[0;32m  OK  [0m] Reached target Swap.
[   17.729299] systemd[1]: Listening on LVM2 metadata daemon socket.
[[0;32m  OK  [0m] Listening on LVM2 metadata daemon socket.
[   17.734403] systemd[1]: Created slice User and Session Slice.
[[0;32m  OK  [0m] Created slice User and Session Slice.
[   17.738439] systemd[1]: Reached target Slices.
[[0;32m  OK  [0m] Reached target Slices.
[   17.742143] systemd[1]: Started Forward Password Requests to Wall Directory Watch.
[[0;32m  OK  [0m] Started Forward Password Requests to Wall Directory Watch.
[   17.803038] systemd[1]: Listening on udev Kernel Socket.
[[0;32m  OK  [0m] Listening on udev Kernel Socket.
[   17.813573] systemd[1]: Listening on Journal Socket.
[[0;32m  OK  [0m] Listening on Journal Socket.
[   17.821621] systemd[1]: Starting Uncomplicated firewall...
         Starting Uncomplicated firewall...
[   17.913299] systemd[1]: Starting Load Kernel Modules...
         Starting Load Kernel Modules...
[   18.032301] systemd[1]: Starting Set console keymap...
         Starting Set console keymap...
[   18.058586] Loading iSCSI transport class v2.0-870.
[   18.132256] systemd[1]: Mounting Debug File System...
         Mounting Debug File System...
[   18.157263] systemd[1]: Starting Remount Root and Kernel File Systems...
         [   18.315512] iscsi: registered transport (tcp)
Starting Remount Root and Kernel File Systems...
[   18.520306] systemd[1]: Mounting Huge Pages File System...
         Mounting Huge Pages File System...
[   18.641885] systemd[1]: Starting Nameserver information manager...
[   18.652195] EXT4-fs (sda1): re-mounted. Opts: (null)
         Starting Nameserver information manager...
[   18.736539] systemd[1]: Starting Create list of required static device nodes for the current kernel...
         Starting Create list of required st... nodes for the current kernel...
[   18.931790] systemd[1]: Listening on Journal Socket (/dev/log).
[[0;32m  OK  [0m] Listening on Journal Socket (/dev/log).
[   18.940287] systemd[1]: Listening on Syslog Socket.
[[0;32m  OK  [0m] Listening on Syslog Socket.
[   18.954160] systemd[1]: Starting Journal Service...
         Starting Journal Service...
[   19.066702] systemd[1]: Mounting POSIX Message Queue File System...
         Mounting POSIX Message Queue File System...
[   19.155177] systemd[1]: Reached target User and Group Name Lookups.
[[0;32m  OK  [0m] Reached target User and Group Name Lookups.
[   19.165088] systemd[1]: Listening on LVM2 poll daemon socket.
[[0;32m  OK  [0m] Listening on LVM2 poll daemon socket.
[   19.242780] systemd[1]: Listening on Device-mapper event daemon FIFOs.
[[0;32m  OK  [0m] Listening on Device-mapper event daemon FIFOs.
[   19.258822] systemd[1]: Starting Monitoring of LVM2 mirrors, snapshots etc. using dmeventd or progress polling...
         Starting Monitoring of LVM2 mirrors... dmeventd or progress polling...
[   19.278633] systemd[1]: Mounted Huge Pages File System.
[[0;32m  OK  [0m] Mounted Huge Pages File System.
[   19.357810] systemd[1]: Mounted Debug File System.
[[0;32m  OK  [0m] Mounted Debug File System.
[   19.377333] systemd[1]: Started Uncomplicated firewall.
[[0;32m  OK  [0m] Started Uncomplicated firewall.
[   19.549507] systemd[1]: Started Remount Root and Kernel File Systems.
[[0;32m  OK  [0m] Started Remount Root and Kernel File Systems.
[   19.647693] systemd[1]: Started Create list of required static device nodes for the current kernel.
[[0;32m  OK  [0m] Started Create list of required sta...ce nodes for the current kernel.
[   19.655460] systemd[1]: Mounted POSIX Message Queue File System.
[[0;32m  OK  [0m] Mounted POSIX Message Queue File System.
[   19.695880] systemd[1]: Started Nameserver information manager.
[   19.769746] iscsi: registered transport (iser)
[[0;32m  OK  [0m] Started Nameserver information manager.
[   19.862468] systemd[1]: Started Load Kernel Modules.
[[0;32m  OK  [0m] Started Load Kernel Modules.
[   19.965080] systemd[1]: Started LVM2 metadata daemon.
[[0;32m  OK  [0m] Started LVM2 metadata daemon.
[   19.978619] systemd[1]: Mounting FUSE Control File System...
         Mounting FUSE Control File System...
[   20.175453] systemd[1]: Starting Apply Kernel Variables...
         Starting Apply Kernel Variables...
[   20.199519] systemd[1]: Starting Create Static Device Nodes in /dev...
         Starting Create Static Device Nodes in /dev...
[   20.372693] systemd[1]: Starting udev Coldplug all Devices...
         Starting udev Coldplug all Devices...
[   20.411000] systemd[1]: Starting Load/Save Random Seed...
         Starting Load/Save Random Seed...
[[0;32m  OK  [0m] Mounted FUSE Control File System.
[[0;32m  OK  [0m] Started Journal Service.
[[0;32m  OK  [0m] Started Monitoring of LVM2 mirrors,...ng dmeventd or progress polling.
[[0;32m  OK  [0m] Started Apply Kernel Variables.
[[0;32m  OK  [0m] Started Load/Save Random Seed.
[[0;32m  OK  [0m] Started Set console keymap.
[[0;32m  OK  [0m] Started Create Static Device Nodes in /dev.
         Starting udev Kernel Device Manager...
[[0;32m  OK  [0m] Reached target Local File Systems (Pre).
[[0;32m  OK  [0m] Reached target Local File Systems.
         Starting Set console font and keymap...
         Starting Commit a transient machine-id on disk...
         Starting LSB: AppArmor initialization...
         Starting Tell Plymouth To Write Out Runtime Data...
         Starting Initial cloud-init job (pre-networking)...
         Starting Flush Journal to Persistent Storage...
[[0;32m  OK  [0m] Started Commit a transient machine-id on disk.
[[0;32m  OK  [0m] Started Tell Plymouth To Write Out Runtime Data.
[[0;32m  OK  [0m] Started Flush Journal to Persistent Storage.
         Starting Create Volatile Files and Directories...
[[0;32m  OK  [0m] Started udev Coldplug all Devices.
[[0;32m  OK  [0m] Started udev Kernel Device Manager.
[[0;32m  OK  [0m] Started Dispatch Password Requests to Console Directory Watch.
[[0;32m  OK  [0m] Started Create Volatile Files and Directories.
         Starting Update UTMP about System Boot/Shutdown...
[[0;32m  OK  [0m] Started Update UTMP about System Boot/Shutdown.
[[0;32m  OK  [0m] Found device /dev/ttyS0.
[[0;32m  OK  [0m] Listening on Load/Save RF Kill Switch Status /dev/rfkill Watch.
[[0;32m  OK  [0m] Started LSB: AppArmor initialization.
[   35.697812] cloud-init[481]: Cloud-init v. 19.4-33-gbb4131a2-0ubuntu1~16.04.1 running 'init-local' at Thu, 27 Feb 2020 15:46:29 +0000. Up 30.28 seconds.
[[0;32m  OK  [0m] Started Initial cloud-init job (pre-networking).
[[0;32m  OK  [0m] Reached target Network (Pre).
         Starting Raise network interfaces...
[[0;32m  OK  [0m] Started Set console font and keymap.
[[0;32m  OK  [0m] Created slice system-getty.slice.
[[0;32m  OK  [0m] Started Raise network interfaces.
[[0;32m  OK  [0m] Reached target Network.
         Starting Initial cloud-init job (metadata service crawler)...
[   48.533169] cloud-init[965]: Cloud-init v. 19.4-33-gbb4131a2-0ubuntu1~16.04.1 running 'init' at Thu, 27 Feb 2020 15:46:42 +0000. Up 43.70 seconds.
[   48.579901] cloud-init[965]: ci-info: ++++++++++++++++++++++++++++++++++++++Net device info+++++++++++++++++++++++++++++++++++++++
[   48.583598] cloud-init[965]: ci-info: +--------+-------+----------------------------+---------------+--------+-------------------+
[   48.789168] cloud-init[965]: ci-info: | Device |   Up  |          Address           |      Mask     | Scope  |     Hw-Address    |
[   48.886907] cloud-init[965]: ci-info: +--------+-------+----------------------------+---------------+--------+-------------------+
[[0;32m  OK  [0m] Started Initial cloud-init job (metadata service crawler).
[[0;32m  OK  [0m] Reached target Network is Online.
         Starting iSCSI initiator daemon (iscsid)...
[[0;32m  OK  [0m[   49.006456] cloud-init[965]: ci-info: | enp0s3 |  True |         10.0.2.15          | 255.255.255.0 | global | 02:28:e8:e3:81:d2 |
[   49.088963] cloud-init[965]: ci-info: | enp0s3 |  True | fe80::28:e8ff:fee3:81d2/64 |       .       |  link  | 02:28:e8:e3:81:d2 |
[   49.089205] cloud-init[965]: ci-info: | enp0s8 | False |             .              |       .       |   .    | 08:00:27:0e:9e:70 |
[   49.089453] cloud-init[965]: ci-info: |   lo   |  True |         127.0.0.1          |   255.0.0.0   |  host  |         .         |
[   49.089680] cloud-init[965]: ci-info: |   lo   |  True |          ::1/128           |       .       |  host  |         .         |
[   49.089919] cloud-init[965]: ci-info: +--------+-------+----------------------------+---------------+--------+-------------------+
[   49.090149] cloud-init[965]: ci-info: +++++++++++++++++++++++++++Route IPv4 info++++++++++++++++++++++++++++
[   49.090378] cloud-init[965]: ci-info: +-------+-------------+----------+---------------+-----------+-------+
[   49.090599] cloud-init[965]: ci-info: | Route | Destination | Gateway  |    Genmask    | Interface | Flags |
[   49.090883] cloud-init[965]: ci-info: +-------+-------------+----------+---------------+-----------+-------+
[   49.091107] cloud-init[965]: ci-info: |   0   |   0.0.0.0   | 10.0.2.2 |    0.0.0.0    |   enp0s3  |   UG  |
[   49.091326] cloud-init[965]: ci-info: |   1   |   10.0.2.0  | 0.0.0.0  | 255.255.255.0 |   enp0s3  |   U   |
[   49.091549] cloud-init[965]: ci-info: +-------+-------------+----------+---------------+-----------+-------+
[   49.091786] cloud-init[965]: ci-info: +++++++++++++++++++Route IPv6 info+++++++++++++++++++
[   49.092006] cloud-init[965]: ci-info: +-------+-------------+---------+-----------+-------+
[   49.092224] cloud-init[965]: ci-info: | Route | Destination | Gateway | Interface | Flags |
[   49.092445] cloud-init[965]: ci-info: +-------+-------------+---------+-----------+-------+
[   49.092661] cloud-init[965]: ci-info: |   0   |  fe80::/64  |    ::   |   enp0s3  |   U   |
[   49.097001] cloud-init[965]: ci-info: |   4   |   ff00::/8  |    ::   |   enp0s3  |   U   |
[   49.097417] cloud-init[965]: ci-info: +-------+-------------+---------+-----------+-------+
[   49.097658] cloud-init[965]: Generating public/private rsa key pair.
[   49.097876] cloud-init[965]: Your identification has been saved in /etc/ssh/ssh_host_rsa_key.
[   49.098101] cloud-init[965]: Your public key has been saved in /etc/ssh/ssh_host_rsa_key.pub.
[   49.098327] cloud-init[965]: The key fingerprint is:
[   49.098559] cloud-init[965]: SHA256:Ib9ckvqgMJERLg699qn05udVWq3yzgjHyr82GKtE8gw root@ubuntu-xenial
[   49.098792] cloud-init[965]: The key's randomart image is:
[   49.099055] cloud-init[965]: +---[RSA 2048]----+
[   49.099277] cloud-init[965]: |  .              |
[   49.099530] cloud-init[965]: | o .             |
[   49.099755] cloud-init[965]: |o +   . .        |
[   49.099972] cloud-init[965]: |o. +   o o .     |
[   49.100193] cloud-init[965]: | .E .   S + .    |
[   49.100420] cloud-init[965]: | . O ..+ B .     |
[   49.100640] cloud-init[965]: |  + * ++O .      |
[   49.100862] cloud-init[965]: | . *.o+Bo=       |
[   49.101081] cloud-init[965]: |  .o=++o=++      |
[   49.101349] cloud-init[965]: +----[SHA256]-----+
[   49.101728] cloud-init[965]: Generating public/private dsa key pair.
[   49.101952] cloud-init[965]: Your identification has been saved in /etc/ssh/ssh_host_dsa_key.
[   49.102171] cloud-init[965]: Your public key has been saved in /etc/ssh/ssh_host_dsa_key.pub.
[   49.102389] cloud-init[965]: The key fingerprint is:
[   49.102611] cloud-init[965]: SHA256:fTl0wOynZOAjzBSoRKeAcFVeKYxGEMAuQfAKKusvd88 root@ubuntu-xenial
[   49.102827] cloud-init[965]: The key's randomart image is:
[   49.103047] cloud-init[965]: +---[DSA 1024]----+
[   49.103264] cloud-init[965]: |O+=*++o.oo o.    |
[   49.103483] cloud-init[965]: |o+ .+++.o . o.   |
[   49.103741] cloud-init[965]: |o..o...= . o. .  |
[   49.103964] cloud-init[965]: |+o  .   +.o.+o.  |
[   49.104179] cloud-init[965]: |=       S..++o   |
[   49.626164] cloud-init[965]: |..         ...   |
[   49.626573] cloud-init[965]: |.                |
[   49.626960] cloud-init[965]: |.. . ..          |
[   49.627440] cloud-init[965]: | .+.. .E         |
[   49.627811] cloud-init[965]: +----[SHA256]-----+
] Reached target Cloud-config availability.
[[0;32m  OK  [0m] Reached target System Initialization.
[   49.628289] cloud-init[965]: Generating public/private ecdsa key pair.
[   49.708993] cloud-init[965]: Your identification has been saved in /etc/ssh/ssh_host_ecdsa_key.
[   49.711970] cloud-init[965]: Your public key has been saved in /etc/ssh/ssh_host_ecdsa_key.pub.
[   49.721996] cloud-init[965]: The key fingerprint is:         Starting LXD - unix socket.

[   49.728822] cloud-init[965]: SHA256:6jhfRReeUc0RhKQ/jK6S50SYENaxtE4hgncfnt2OKd0 root@ubuntu-xenial
[   49.739990] cloud-init[965]: The key's randomart image is:
[   49.744511] cloud-init[965]: +---[ECDSA 256]---+
[   49.753305] cloud-init[965]: |  .. +.+.   +o+*o|
[   49.755463] cloud-init         Starting Socket activation for snappy daemon.
[[965]: | . .o.+o+  ..=  o|
[   49.765175] cloud-init[965]: |  . ..o++ o.+    |
[   49.767692] [0;32m  OK  [0m] Started Message of the Day.
cloud-init[965]: |      ++oo o+    |
[[0;32m  OK  [0m] Started ACPI Events Check.
[[0;32m  OK  [0m] Reached target Paths.
[   49.818880] cloud-init[965]: |       +S.*. +   |
[   49.828649] cloud-init[965]: |       o.=.E  .  |
[[0;32m  OK  [0m] Listening on D-Bus System Message Bus Socket.
[   49.833493] cloud-init[965]: |      . +. .     |
[[0;32m  OK  [0m] Started Daily apt download activities.
[   49.839164] cloud-init[965]: |    .o +...      |
[[0;32m  OK  [0m] Started Daily apt upgrade and clean activities.[   49.848487] cloud-init[965]: |    .oo +o       |
[   49.848722] cloud-init[965]: +----[SHA256]-----+
[   49.848948] cloud-init[965]: Generating public/private ed25519 key pair.
[   49.849173] cloud-init[965]: Your identification has been saved in /etc/ssh/ssh_host_ed25519_key.
[   49.849398] cloud-init[965]: Your public key has been saved in /etc/ssh/ssh_host_ed25519_key.pub.
[   49.849651] cloud-init[965]: The key fingerprint is:
[   49.849936] cloud-init[965]: SHA256:IcBfyMlslFwWAaZS7GZJwbieYFCvolQKZQGs/Y0Zpyo root@ubuntu-xenial
[   49.850163] cloud-init[965]: The key's randomart image is:
[   49.850389] cloud-init[965]: +--[ED25519 256]--+
[   49.850615] cloud-init[965]: |oo=*+B+*=o       |
[   49.850840] cloud-init[965]: |.+.o=+X..        |
[   49.852137] cloud-init[965]: |+..=o+...        |
[   49.852369] cloud-init[965]: |+.=o* o. .       |
[   49.852596] cloud-init[965]: |o=.= B  S        |
[   49.852860] cloud-init[965]: |o.o = .          |
[   49.853081] cloud-init[965]: |.  .             |
[   49.853308] cloud-init[965]: |E .              |
[   49.853544] cloud-init[965]: | .               |
[   49.853774] cloud-init[965]: +----[SHA256]-----+

[[0;32m  OK  [0m] Listening on UUID daemon activation socket.
[[0;32m  OK  [0m] Listening on ACPID Listen Socket.
[[0;32m  OK  [0m] Started Daily Cleanup of Temporary Directories.
[[0;32m  OK  [0m] Reached target Timers.
[[0;32m  OK  [0m] Listening on LXD - unix socket.
[[0;32m  OK  [0m] Listening on Socket activation for snappy daemon.
[[0;32m  OK  [0m] Reached target Sockets.
[[0;32m  OK  [0m] Reached target Basic System.
         Starting Accounts Service...
[[0;32m  OK  [0m] Started Regular background program processing daemon.
         Starting System Logging Service...
         Starting Pollinate to seed the pseudo random number generator...
[[0;32m  OK  [0m] Started D-Bus System Message Bus.
         Starting LSB: Record successful boot for GRUB...
         Starting Login Service...
[[0;32m  OK  [0m] Started Deferred execution scheduler.
         Starting /etc/rc.local Compatibility...
[[0;32m  OK  [0m] Started FUSE filesystem for LXC.
         Starting Virtualbox guest utils...
[[0;32m  OK  [0m] Started ACPI event daemon.
         Starting Snappy daemon...
         Starting LSB: MD monitoring daemon...
         Starting LXD - container startup/shutdown...
[[0;32m  OK  [0m] Started System Logging Service.
[[0;32m  OK  [0m] Started iSCSI initiator daemon (iscsid).
[[0;32m  OK  [0m] Started /etc/rc.local Compatibility.
         Starting Authenticate and Authorize Users to Run Privileged Tasks...
         Starting Login to default iSCSI targets...
[[0;32m  OK  [0m] Started Login Service.
[[0;32m  OK  [0m] Started Unattended Upgrades Shutdown.
[[0;32m  OK  [0m] Started Login to default iSCSI targets.
[[0;32m  OK  [0m] Reached target Remote File Systems (Pre).
[[0;32m  OK  [0m] Reached target Remote File Systems.
         Starting LSB: Set the CPU Frequency Scaling governor to "ondemand"...
         Starting LSB: automatic crash report generation...
         Starting LSB: daemon to balance interrupts for SMP systems...
         Starting Permit User Sessions...
[[0;32m  OK  [0m] Started LSB: Record successful boot for GRUB.
[[0;32m  OK  [0m] Started Permit User Sessions.
         Starting Terminate Plymouth Boot Screen...
         Starting Hold until boot process finishes up...
[[0;32m  OK  [0m] Started LXD - container startup/shutdown.
[[0;32m  OK  [0m] Started LSB: MD monitoring daemon.
[[0;32m  OK  [0m] Started LSB: Set the CPU Frequency Scaling governor to "ondemand".
[[0;32m  OK  [0m] Started Terminate Plymouth Boot Screen.
[[0;32m  OK  [0m] Started Hold until boot process finishes up.
[[0;32m  OK  [0m] Started Getty on tty1.
         Starting Set console scheme...
[[0;32m  OK  [0m] Started Serial Getty on ttyS0.
[[0;32m  OK  [0m] Reached target Login Prompts.
[[0;32m  OK  [0m] Started Authenticate and Authorize Users to Run Privileged Tasks.
[[0;32m  OK  [0m] Started Accounts Service.
[[0;32m  OK  [0m] Started LSB: automatic crash report generation.
[[0;32m  OK  [0m] Started Set console scheme.
[[0;32m  OK  [0m] Started Virtualbox guest utils.
[[0;32m  OK  [0m] Started LSB: daemon to balance interrupts for SMP systems.
[[0;32m  OK  [0m] Started Snappy daemon.
         Starting Wait until snapd is fully seeded...
[[0;32m  OK  [0m] Started Pollinate to seed the pseudo random number generator.
         Starting OpenBSD Secure Shell server...

Ubuntu 16.04.6 LTS ubuntu-xenial ttyS0

ubuntu-xenial login: [   66.048261] cloud-init[1349]: Generating locales (this might take a while)...
[   75.367304] cloud-init[1349]:   en_US.UTF-8... done
[   75.559120] cloud-init[1349]: Generation complete.
[   80.449124] cloud-init[1349]: Cloud-init v. 19.4-33-gbb4131a2-0ubuntu1~16.04.1 running 'modules:config' at Thu, 27 Feb 2020 15:47:03 +0000. Up 64.50 seconds.
ci-info: no authorized SSH keys fingerprints found for user ubuntu.
<14>Feb 27 15:47:24 ec2: 
<14>Feb 27 15:47:24 ec2: #############################################################
<14>Feb 27 15:47:24 ec2: -----BEGIN SSH HOST KEY FINGERPRINTS-----
<14>Feb 27 15:47:24 ec2: 1024 SHA256:fTl0wOynZOAjzBSoRKeAcFVeKYxGEMAuQfAKKusvd88 root@ubuntu-xenial (DSA)
<14>Feb 27 15:47:24 ec2: 256 SHA256:6jhfRReeUc0RhKQ/jK6S50SYENaxtE4hgncfnt2OKd0 root@ubuntu-xenial (ECDSA)
<14>Feb 27 15:47:24 ec2: 256 SHA256:IcBfyMlslFwWAaZS7GZJwbieYFCvolQKZQGs/Y0Zpyo root@ubuntu-xenial (ED25519)
<14>Feb 27 15:47:24 ec2: 2048 SHA256:Ib9ckvqgMJERLg699qn05udVWq3yzgjHyr82GKtE8gw root@ubuntu-xenial (RSA)
<14>Feb 27 15:47:24 ec2: -----END SSH HOST KEY FINGERPRINTS-----
<14>Feb 27 15:47:24 ec2: #############################################################
-----BEGIN SSH HOST KEY KEYS-----
ecdsa-sha2-nistp256 AAAAE2VjZHNhLXNoYTItbmlzdHAyNTYAAAAIbmlzdHAyNTYAAABBBC4692kSKcMyi6pfqTSdbH24CokgxN1TeuFSwcHm8pJML8fyHBpxCRDnnCkiLMh9nG5wgDOc4iuyOA7zF8KMgm4= root@ubuntu-xenial
ssh-ed25519 AAAAC3NzaC1lZDI1NTE5AAAAIM7zjoyx34Db2YS+goOPC3jjEOfVKPrnmAoMizCxYhHW root@ubuntu-xenial
ssh-rsa AAAAB3NzaC1yc2EAAAADAQABAAABAQCcEDePRl2wOt0VF0crFZ+vuztJsN+SPFOejrFPwnIsFpaXUPCdokD6ptMr8piVKwKXYMYDyDYPIqRHg7F7ft2q95k4qgA1AnC+W87Dh6Xcce2td0Wi9+0Sjm+NbbJDtDu2X6GRlpQCWRXxf37OqJj3c7lv13Zf2tewyADMMoISva9wc7RlEsphM3a3yEpYoBzcOiTZBgybS32jSa+ULDyuboamx5XkrPs1nPWmdOP7GtdVPFim4q3jIdaFzhTflfb2uzzQxzzGlIIXbWUVV0FhYdP5JxoHXPO0G7AAGJYvuOBlDcFO+T21kA12Q4xCFCCmdQhQ9PLm+krsi4lrQ9kF root@ubuntu-xenial
-----END SSH HOST KEY KEYS-----
[   85.652144] cloud-init[1573]: Cloud-init v. 19.4-33-gbb4131a2-0ubuntu1~16.04.1 running 'modules:final' at Thu, 27 Feb 2020 15:47:23 +0000. Up 84.07 seconds.
[   85.652962] cloud-init[1573]: ci-info: no authorized SSH keys fingerprints found for user ubuntu.
[   85.734266] cloud-init[1573]: Cloud-init v. 19.4-33-gbb4131a2-0ubuntu1~16.04.1 finished at Thu, 27 Feb 2020 15:47:24 +0000. Datasource DataSourceNoCloud [seed=/dev/sdb][dsmode=net].  Up 85.55 seconds
